app/build/outputs/mapping/release/seeds.txt
net.getkeepers.www.twa.Application
net.getkeepers.www.twa.LauncherActivity
net.getkeepers.www.twa.Application: Application()
net.getkeepers.www.twa.DelegationService
net.getkeepers.www.twa.LauncherActivity: LauncherActivity()
net.getkeepers.www.twa.DelegationService: DelegationService()
...
androidx.core.graphics.drawable.IconCompatParcelizer: androidx.core.graphics.drawable.IconCompat read(androidx.versionedparcelable.VersionedParcel)
android.support.v4.app.RemoteActionCompatParcelizer: void write(androidx.core.app.RemoteActionCompat,androidx.versionedparcelable.VersionedParcel)
androidx.versionedparcelable.CustomVersionedParcelable
androidx.lifecycle.FullLifecycleObserverAdapter
com.google.androidbrowserhelper.trusted.ManageDataLauncherActivity: ManageDataLauncherActivity()
androidx.core.graphics.drawable.IconCompatParcelizer: void write(androidx.core.graphics.drawable.IconCompat,androidx.versionedparcelable.VersionedParcel)
androidx.core.content.FileProvider: FileProvider()
androidx.core.app.RemoteActionCompatParcelizer: RemoteActionCompatParcelizer()
android.support.v4.graphics.drawable.IconCompatParcelizer: IconCompatParcelizer()
androidx.core.graphics.drawable.IconCompat
android.support.v4.graphics.drawable.IconCompatParcelizer: void write(androidx.core.graphics.drawable.IconCompat,androidx.versionedparcelable.VersionedParcel)
com.google.androidbrowserhelper.trusted.DelegationService: DelegationService()
androidx.core.graphics.drawable.IconCompat: IconCompat()
com.google.androidbrowserhelper.trusted.FocusActivity: FocusActivity()
androidx.core.app.CoreComponentFactory
androidx.core.app.RemoteActionCompat
com.google.androidbrowserhelper.trusted.FocusActivity
androidx.lifecycle.SingleGeneratedAdapterObserver
androidx.browser.trusted.TrustedWebActivityService: TrustedWebActivityService()
androidx.annotation.Keep
androidx.versionedparcelable.ParcelImpl
androidx.core.graphics.drawable.IconCompatParcelizer
androidx.core.graphics.drawable.IconCompatParcelizer: IconCompatParcelizer()
androidx.core.app.RemoteActionCompatParcelizer: void write(androidx.core.app.RemoteActionCompat,androidx.versionedparcelable.VersionedParcel)
androidx.core.app.RemoteActionCompatParcelizer
androidx.versionedparcelable.CustomVersionedParcelable: CustomVersionedParcelable()
androidx.core.app.RemoteActionCompat: RemoteActionCompat()
android.support.v4.app.RemoteActionCompatParcelizer: RemoteActionCompatParcelizer()
com.google.androidbrowserhelper.trusted.WebViewFallbackActivity: WebViewFallbackActivity()
androidx.browser.browseractions.BrowserActionsFallbackMenuView: BrowserActionsFallbackMenuView(android.content.Context,android.util.AttributeSet)
android.support.v4.graphics.drawable.IconCompatParcelizer: androidx.core.graphics.drawable.IconCompat read(androidx.versionedparcelable.VersionedParcel)
android.support.v4.app.RemoteActionCompatParcelizer
androidx.core.app.RemoteActionCompatParcelizer: androidx.core.app.RemoteActionCompat read(androidx.versionedparcelable.VersionedParcel)
com.google.androidbrowserhelper.trusted.ManageDataLauncherActivity
androidx.core.content.FileProvider
androidx.lifecycle.CompositeGeneratedAdaptersObserver
com.google.androidbrowserhelper.trusted.LauncherActivity: LauncherActivity()
androidx.browser.browseractions.BrowserActionsFallbackMenuView
android.support.v4.graphics.drawable.IconCompatParcelizer
android.support.v4.app.RemoteActionCompatParcelizer: androidx.core.app.RemoteActionCompat read(androidx.versionedparcelable.VersionedParcel)
androidx.lifecycle.ReflectiveGenericLifecycleObserver
androidx.versionedparcelable.ParcelImpl: android.os.Parcelable$Creator CREATOR
com.google.androidbrowserhelper.trusted.WebViewFallbackActivity
androidx.core.app.CoreComponentFactory: CoreComponentFactory()