app/build/outputs/mapping/release/mapping.txt
# compiler: R8
# compiler_version: 2.1.86
# min_api: 19
# pg_map_id: 32fe0c0
# common_typos_disable
net.getkeepers.www.twa.LauncherActivity -> net.getkeepers.www.twa.LauncherActivity:
    android.net.Uri getLaunchingUrl() -> f
...
androidx.browser.trusted.sharing.ShareData -> b.a.c.n.a:
    java.util.List uris -> c
    java.lang.String title -> a
    java.lang.String text -> b
    android.os.Bundle toBundle() -> a
androidx.browser.trusted.sharing.ShareTarget -> b.a.c.n.b:
    androidx.browser.trusted.sharing.ShareTarget$Params params -> d
    java.lang.String action -> a
    java.lang.String encodingType -> c
    java.lang.String method -> b
    android.os.Bundle toBundle() -> a
androidx.browser.trusted.sharing.ShareTarget$FileFormField -> b.a.c.n.b$a:
    java.util.List acceptedTypes -> b
    java.lang.String name -> a
    android.os.Bundle toBundle() -> a
androidx.browser.trusted.sharing.ShareTarget$Params -> b.a.c.n.b$b:
    java.util.List files -> c
    java.lang.String title -> a
    java.lang.String text -> b
    android.os.Bundle toBundle() -> a
androidx.collection.ArrayMap -> b.b.a:
    androidx.collection.MapCollections mCollections -> h
    androidx.collection.MapCollections getCollection() -> m
androidx.collection.ArrayMap$1 -> b.b.a$a:
    androidx.collection.ArrayMap this$0 -> d
    void colClear() -> a
    java.lang.Object colGetEntry(int,int) -> b
    java.util.Map colGetMap() -> c
    int colGetSize() -> d
    int colIndexOfKey(java.lang.Object) -> e
    int colIndexOfValue(java.lang.Object) -> f
    void colPut(java.lang.Object,java.lang.Object) -> g
    void colRemoveAt(int) -> h
    java.lang.Object colSetValue(int,java.lang.Object) -> i
androidx.collection.ContainerHelpers -> b.b.b:
    java.lang.Object[] EMPTY_OBJECTS -> b
    int[] EMPTY_INTS -> a
    int binarySearch(int[],int,int) -> a
    boolean equal(java.lang.Object,java.lang.Object) -> b
androidx.collection.MapCollections -> b.b.c:
    androidx.collection.MapCollections$KeySet mKeySet -> b
    androidx.collection.MapCollections$ValuesCollection mValues -> c
    androidx.collection.MapCollections$EntrySet mEntrySet -> a
    void colClear() -> a
    java.lang.Object colGetEntry(int,int) -> b
    java.util.Map colGetMap() -> c
    int colGetSize() -> d
    int colIndexOfKey(java.lang.Object) -> e
    int colIndexOfValue(java.lang.Object) -> f
    void colPut(java.lang.Object,java.lang.Object) -> g
    void colRemoveAt(int) -> h
    java.lang.Object colSetValue(int,java.lang.Object) -> i
    boolean containsAllHelper(java.util.Map,java.util.Collection) -> j
    boolean equalsSetHelper(java.util.Set,java.lang.Object) -> k
    java.util.Set getEntrySet() -> l
    java.util.Set getKeySet() -> m
    java.util.Collection getValues() -> n
    boolean removeAllHelper(java.util.Map,java.util.Collection) -> o
    boolean retainAllHelper(java.util.Map,java.util.Collection) -> p
    java.lang.Object[] toArrayHelper(int) -> q
    java.lang.Object[] toArrayHelper(java.lang.Object[],int) -> r
androidx.collection.MapCollections$ArrayIterator -> b.b.c$a:
    androidx.collection.MapCollections this$0 -> e
    int mSize -> b
    int mIndex -> c
    int mOffset -> a
    boolean mCanRemove -> d
androidx.collection.MapCollections$EntrySet -> b.b.c$b:
    androidx.collection.MapCollections this$0 -> a
    boolean add(java.util.Map$Entry) -> a
androidx.collection.MapCollections$KeySet -> b.b.c$c:
    androidx.collection.MapCollections this$0 -> a
androidx.collection.MapCollections$MapIterator -> b.b.c$d:
    int mIndex -> b
    boolean mEntryValid -> c
    androidx.collection.MapCollections this$0 -> d
    int mEnd -> a
    java.util.Map$Entry next() -> a
androidx.collection.MapCollections$ValuesCollection -> b.b.c$e:
    androidx.collection.MapCollections this$0 -> a