app/build/outputs/mapping/release/usage.txt
net.getkeepers.www.twa.R$string
net.getkeepers.www.twa.R
net.getkeepers.www.twa.R$layout
net.getkeepers.www.twa.R$id
net.getkeepers.www.twa.R$style
net.getkeepers.www.twa.R$drawable
net.getkeepers.www.twa.R$mipmap
net.getkeepers.www.twa.BuildConfig
net.getkeepers.www.twa.R$dimen
net.getkeepers.www.twa.R$attr
net.getkeepers.www.twa.R$styleable
net.getkeepers.www.twa.R$bool
net.getkeepers.www.twa.R$raw
net.getkeepers.www.twa.R$xml
net.getkeepers.www.twa.R$color
net.getkeepers.www.twa.R$integer
...
androidx.core.app.NotificationManagerCompat$SideChannelManager
androidx.browser.customtabs.PostMessageServiceConnection
androidx.concurrent.futures.CallbackToFutureAdapter$SafeFuture
androidx.annotation.FloatRange
androidx.browser.trusted.TrustedWebActivityServiceConnection:
    void <init>(android.support.customtabs.trusted.ITrustedWebActivityService,android.content.ComponentName)
    private static android.support.customtabs.trusted.ITrustedWebActivityCallback wrapCallback(androidx.browser.trusted.TrustedWebActivityCallback)
    public boolean areNotificationsEnabled(java.lang.String)
    public boolean notify(java.lang.String,int,android.app.Notification,java.lang.String)
    public void cancel(java.lang.String,int)
    public android.os.Parcelable[] getActiveNotifications()
    public int getSmallIconId()
    public android.graphics.Bitmap getSmallIconBitmap()
    public android.content.ComponentName getComponentName()
    public android.os.Bundle sendExtraCommand(java.lang.String,android.os.Bundle,androidx.browser.trusted.TrustedWebActivityCallback)
    private final android.support.customtabs.trusted.ITrustedWebActivityService mService
    private final android.content.ComponentName mComponentName
    private static final java.lang.String KEY_PLATFORM_TAG
    private static final java.lang.String KEY_PLATFORM_ID
    private static final java.lang.String KEY_NOTIFICATION
    private static final java.lang.String KEY_CHANNEL_NAME
    private static final java.lang.String KEY_ACTIVE_NOTIFICATIONS
    private static final java.lang.String KEY_NOTIFICATION_SUCCESS
androidx.core.app.DialogCompat
android.support.customtabs.ICustomTabsService$Stub:
    public void <init>()
    public static boolean setDefaultImpl(android.support.customtabs.ICustomTabsService)
    public android.os.IBinder asBinder()
    public boolean onTransact(int,android.os.Parcel,android.os.Parcel,int)
    private static final java.lang.String DESCRIPTOR
    static final int TRANSACTION_warmup
    static final int TRANSACTION_newSession
    static final int TRANSACTION_newSessionWithExtras
    static final int TRANSACTION_mayLaunchUrl
    static final int TRANSACTION_extraCommand
    static final int TRANSACTION_updateVisuals
    static final int TRANSACTION_requestPostMessageChannel
    static final int TRANSACTION_requestPostMessageChannelWithExtras
    static final int TRANSACTION_postMessage
    static final int TRANSACTION_validateRelationship
    static final int TRANSACTION_receiveFile
androidx.core.view.MenuItemCompat$1
androidx.core.view.ViewPropertyAnimatorCompat
androidx.core.content.res.ComplexColorCompat
androidx.browser.browseractions.BrowserActionsIntent$Builder
androidx.core.view.accessibility.AccessibilityClickableSpanCompat
android.support.customtabs.ICustomTabsCallback$Stub$Proxy
androidx.core.view.ViewCompat$4
androidx.arch.core.internal.FastSafeIterableMap
androidx.core.provider.FontsContractCompat$2
androidx.core.content.pm.PackageInfoCompat
androidx.annotation.CheckResult
androidx.browser.customtabs.PostMessageService
androidx.core.graphics.drawable.WrappedDrawableApi21:
    private static final java.lang.String TAG
androidx.core.app.ActivityManagerCompat
androidx.annotation.RequiresPermission$Read
androidx.core.app.NotificationCompat$Action
androidx.versionedparcelable.CustomVersionedParcelable:
    public void onPreParceling(boolean)
    public void onPostParceling()
androidx.browser.R$layout
androidx.core.graphics.TypefaceCompatBaseImpl$1
androidx.core.text.TextDirectionHeuristicsCompat$TextDirectionHeuristicLocale
androidx.arch.core.internal.SafeIterableMap
androidx.browser.browseractions.BrowserActionsFallbackMenuAdapter$2
androidx.core.content.res.ConfigurationHelper
androidx.collection.ContainerHelpers:
    public static int idealIntArraySize(int)
    public static int idealLongArraySize(int)
    public static int idealByteArraySize(int)
    static int binarySearch(long[],int,long)
    private void <init>()